

Processing NotesController#index (for 127.0.0.1 at 2010-01-14 11:00:28) [GET]
Rendering notes/index
Completed in 43ms (View: 40 | 200 OK [http://localhost/]


Processing NotesController#index (for 127.0.0.1 at 2010-01-14 11:10:55) [GET]
Rendering notes/index

ActionView::TemplateError (You have a nil object when you didn't expect it!
You might have expected an instance of Array.
The error occurred while evaluating nil.each) on line #10 of app/views/notes/index.html.erb:
7:     <td>Data</td>
8:   </tr>
9:   <tr>
10:     <% @notes.each do |note| %>
11:       <td>@note.title</td>
12:       <td>@note.date</td>
13:     <% end %>

    app/views/notes/index.html.erb:10
    /usr/lib/ruby/1.8/webrick/httpserver.rb:104:in `service'
    /usr/lib/ruby/1.8/webrick/httpserver.rb:65:in `run'
    /usr/lib/ruby/1.8/webrick/server.rb:173:in `start_thread'
    /usr/lib/ruby/1.8/webrick/server.rb:162:in `start'
    /usr/lib/ruby/1.8/webrick/server.rb:162:in `start_thread'
    /usr/lib/ruby/1.8/webrick/server.rb:95:in `start'
    /usr/lib/ruby/1.8/webrick/server.rb:92:in `each'
    /usr/lib/ruby/1.8/webrick/server.rb:92:in `start'
    /usr/lib/ruby/1.8/webrick/server.rb:23:in `start'
    /usr/lib/ruby/1.8/webrick/server.rb:82:in `start'

Rendered rescues/_trace (58.9ms)
Rendered rescues/_request_and_response (2.9ms)
Rendering rescues/layout (internal_server_error)


Processing NotesController#index (for 127.0.0.1 at 2010-01-14 11:11:13) [GET]
Rendering notes/index
Completed in 70ms (View: 8 | 200 OK [http://localhost/]


Processing NotesController#index (for 127.0.0.1 at 2010-01-14 11:12:04) [GET]
Rendering notes/index

ActionView::TemplateError (You have a nil object when you didn't expect it!
The error occurred while evaluating nil.title) on line #11 of app/views/notes/index.html.erb:
8:   </tr>
9:   <tr>
10:     <% @notes.each do |note| %>
11:       <td><%= @note.title %></td>
12:       <td><%= @note.date %></td>
13:     <% end %>
14:   </tr>

    app/views/notes/index.html.erb:11
    mongoid (1.0.0) lib/mongoid/criteria.rb:114:in `each'
    mongoid (1.0.0) lib/mongoid/criteria.rb:114:in `each'
    app/views/notes/index.html.erb:10
    /usr/lib/ruby/1.8/webrick/httpserver.rb:104:in `service'
    /usr/lib/ruby/1.8/webrick/httpserver.rb:65:in `run'
    /usr/lib/ruby/1.8/webrick/server.rb:173:in `start_thread'
    /usr/lib/ruby/1.8/webrick/server.rb:162:in `start'
    /usr/lib/ruby/1.8/webrick/server.rb:162:in `start_thread'
    /usr/lib/ruby/1.8/webrick/server.rb:95:in `start'
    /usr/lib/ruby/1.8/webrick/server.rb:92:in `each'
    /usr/lib/ruby/1.8/webrick/server.rb:92:in `start'
    /usr/lib/ruby/1.8/webrick/server.rb:23:in `start'
    /usr/lib/ruby/1.8/webrick/server.rb:82:in `start'

Rendered rescues/_trace (56.7ms)
Rendered rescues/_request_and_response (0.4ms)
Rendering rescues/layout (internal_server_error)


Processing NotesController#index (for 127.0.0.1 at 2010-01-14 11:12:17) [GET]
Rendering notes/index
Completed in 87ms (View: 11 | 200 OK [http://localhost/]


Processing NotesController#index (for 127.0.0.1 at 2010-01-14 11:13:09) [GET]
Rendering notes/index
Completed in 40ms (View: 13 | 200 OK [http://localhost/]


Processing NotesController#index (for 127.0.0.1 at 2010-01-14 11:14:18) [GET]
Rendering notes/index
Completed in 47ms (View: 14 | 200 OK [http://localhost/]


Processing NotesController#show (for 127.0.0.1 at 2010-01-14 11:14:19) [GET]
  Parameters: {"id"=>"4b4f12bac140ae1576000001"}
Rendering notes/show
Completed in 28ms (View: 18 | 200 OK [http://localhost/notes/4b4f12bac140ae1576000001]


Processing NotesController#index (for 127.0.0.1 at 2010-01-14 11:46:02) [GET]
Rendering notes/index
Completed in 80ms (View: 6 | 200 OK [http://localhost/]


Processing NotesController#show (for 127.0.0.1 at 2010-01-14 11:46:04) [GET]
  Parameters: {"id"=>"4b4f12bac140ae1576000001"}
Rendering notes/show
Completed in 61ms (View: 29 | 200 OK [http://localhost/notes/4b4f12bac140ae1576000001]


Processing NotesController#show (for 127.0.0.1 at 2010-01-14 11:46:07) [GET]
  Parameters: {"id"=>"4b4f139cc140ae15a1000001"}
Rendering notes/show
Completed in 46ms (View: 12 | 200 OK [http://localhost/notes/4b4f139cc140ae15a1000001]


Processing NotesController#index (for 127.0.0.1 at 2010-01-14 11:46:34) [GET]
Rendering notes/index
Completed in 48ms (View: 13 | 200 OK [http://localhost/]


Processing NotesController#index (for 127.0.0.1 at 2010-01-14 11:46:57) [GET]
Rendering notes/index
Completed in 52ms (View: 15 | 200 OK [http://localhost/]


Processing NotesController#show (for 127.0.0.1 at 2010-01-14 11:46:59) [GET]
  Parameters: {"id"=>"4b4f12bac140ae1576000001"}
Rendering notes/show
Completed in 82ms (View: 11 | 200 OK [http://localhost/notes/4b4f12bac140ae1576000001]


Processing NotesController#destroy (for 127.0.0.1 at 2010-01-14 11:47:04) [DELETE]
  Parameters: {"authenticity_token"=>"O3aHE6/z5aNLw6RkF3ZPMSvgHI5uclSLY5pNIFakEJQ=", "id"=>"4b4f12bac140ae1576000001"}

Errno::ENOENT (No such file or directory - /home/diego/ciandt/rails-mongo/app/views/notes/destroy.html.erb):
  /usr/lib/ruby/1.8/webrick/httpserver.rb:104:in `service'
  /usr/lib/ruby/1.8/webrick/httpserver.rb:65:in `run'
  /usr/lib/ruby/1.8/webrick/server.rb:173:in `start_thread'
  /usr/lib/ruby/1.8/webrick/server.rb:162:in `start'
  /usr/lib/ruby/1.8/webrick/server.rb:162:in `start_thread'
  /usr/lib/ruby/1.8/webrick/server.rb:95:in `start'
  /usr/lib/ruby/1.8/webrick/server.rb:92:in `each'
  /usr/lib/ruby/1.8/webrick/server.rb:92:in `start'
  /usr/lib/ruby/1.8/webrick/server.rb:23:in `start'
  /usr/lib/ruby/1.8/webrick/server.rb:82:in `start'

Rendered rescues/_trace (233.6ms)
Rendered rescues/_request_and_response (0.5ms)
Rendering rescues/layout (internal_server_error)


Processing NotesController#show (for 127.0.0.1 at 2010-01-14 11:48:02) [GET]
  Parameters: {"id"=>"4b4f12bac140ae1576000001"}
Rendering notes/show
Completed in 39ms (View: 11 | 200 OK [http://localhost/notes/4b4f12bac140ae1576000001]


Processing NotesController#destroy (for 127.0.0.1 at 2010-01-14 11:48:04) [DELETE]
  Parameters: {"authenticity_token"=>"O3aHE6/z5aNLw6RkF3ZPMSvgHI5uclSLY5pNIFakEJQ=", "id"=>"4b4f12bac140ae1576000001"}

NoMethodError (undefined method `redirect' for #<NotesController:0xb72b2318>):
  app/controllers/notes_controller.rb:19:in `destroy'
  /usr/lib/ruby/1.8/webrick/httpserver.rb:104:in `service'
  /usr/lib/ruby/1.8/webrick/httpserver.rb:65:in `run'
  /usr/lib/ruby/1.8/webrick/server.rb:173:in `start_thread'
  /usr/lib/ruby/1.8/webrick/server.rb:162:in `start'
  /usr/lib/ruby/1.8/webrick/server.rb:162:in `start_thread'
  /usr/lib/ruby/1.8/webrick/server.rb:95:in `start'
  /usr/lib/ruby/1.8/webrick/server.rb:92:in `each'
  /usr/lib/ruby/1.8/webrick/server.rb:92:in `start'
  /usr/lib/ruby/1.8/webrick/server.rb:23:in `start'
  /usr/lib/ruby/1.8/webrick/server.rb:82:in `start'

Rendered rescues/_trace (70.4ms)
Rendered rescues/_request_and_response (0.5ms)
Rendering rescues/layout (internal_server_error)


Processing NotesController#index (for 127.0.0.1 at 2010-01-14 11:48:16) [GET]
Rendering notes/index
Completed in 84ms (View: 11 | 200 OK [http://localhost/]


Processing NotesController#show (for 127.0.0.1 at 2010-01-14 11:48:18) [GET]
  Parameters: {"id"=>"4b4f139cc140ae15a1000001"}
Rendering notes/show
Completed in 102ms (View: 13 | 200 OK [http://localhost/notes/4b4f139cc140ae15a1000001]


Processing NotesController#destroy (for 127.0.0.1 at 2010-01-14 11:48:22) [DELETE]
  Parameters: {"authenticity_token"=>"O3aHE6/z5aNLw6RkF3ZPMSvgHI5uclSLY5pNIFakEJQ=", "id"=>"4b4f139cc140ae15a1000001"}
Redirected to http://localhost:3000/
Completed in 123ms | 302 Found [http://localhost/notes/4b4f139cc140ae15a1000001]


Processing NotesController#index (for 127.0.0.1 at 2010-01-14 11:48:22) [GET]
Rendering notes/index
Completed in 36ms (View: 6 | 200 OK [http://localhost/]


Processing NotesController#index (for 127.0.0.1 at 2010-01-14 11:57:23) [GET]
Rendering notes/index
Completed in 30ms (View: 9 | 200 OK [http://localhost/]


Processing NotesController#new (for 127.0.0.1 at 2010-01-14 11:57:24) [GET]

NoMethodError (You have a nil object when you didn't expect it!
The error occurred while evaluating nil.new):
  app/controllers/notes_controller.rb:7:in `new'
  /usr/lib/ruby/1.8/webrick/httpserver.rb:104:in `service'
  /usr/lib/ruby/1.8/webrick/httpserver.rb:65:in `run'
  /usr/lib/ruby/1.8/webrick/server.rb:173:in `start_thread'
  /usr/lib/ruby/1.8/webrick/server.rb:162:in `start'
  /usr/lib/ruby/1.8/webrick/server.rb:162:in `start_thread'
  /usr/lib/ruby/1.8/webrick/server.rb:95:in `start'
  /usr/lib/ruby/1.8/webrick/server.rb:92:in `each'
  /usr/lib/ruby/1.8/webrick/server.rb:92:in `start'
  /usr/lib/ruby/1.8/webrick/server.rb:23:in `start'
  /usr/lib/ruby/1.8/webrick/server.rb:82:in `start'

Rendered rescues/_trace (74.1ms)
Rendered rescues/_request_and_response (0.4ms)
Rendering rescues/layout (internal_server_error)


Processing NotesController#new (for 127.0.0.1 at 2010-01-14 11:57:42) [GET]
Rendering notes/new
Rendered notes/_form_note (4.7ms)
Completed in 58ms (View: 25 | 200 OK [http://localhost/notes/new]


Processing NotesController#new (for 127.0.0.1 at 2010-01-14 11:57:56) [GET]
Rendering notes/new
Rendered notes/_form_note (6.1ms)
Completed in 28ms (View: 12 | 200 OK [http://localhost/notes/new]


Processing NotesController#create (for 127.0.0.1 at 2010-01-14 11:58:13) [POST]
  Parameters: {"commit"=>"Salvar", "authenticity_token"=>"O3aHE6/z5aNLw6RkF3ZPMSvgHI5uclSLY5pNIFakEJQ=", "note"=>{"title"=>"Teste", "text"=>"teste com o mongo"}}
Redirected to http://localhost:3000/notes/4b4f22f5c140ae1659000003
Completed in 47ms | 302 Found [http://localhost/notes]


Processing NotesController#show (for 127.0.0.1 at 2010-01-14 11:58:13) [GET]
  Parameters: {"id"=>"4b4f22f5c140ae1659000003"}
Rendering notes/show
Completed in 44ms (View: 9 | 200 OK [http://localhost/notes/4b4f22f5c140ae1659000003]


Processing NotesController#show (for 127.0.0.1 at 2010-01-14 11:59:17) [GET]
  Parameters: {"id"=>"4b4f22f5c140ae1659000003"}
Rendering notes/show
Completed in 184ms (View: 30 | 200 OK [http://localhost/notes/4b4f22f5c140ae1659000003]


Processing NotesController#index (for 127.0.0.1 at 2010-01-14 11:59:18) [GET]
Rendering notes/index
Completed in 76ms (View: 8 | 200 OK [http://localhost/]


Processing NotesController#show (for 127.0.0.1 at 2010-01-14 11:59:23) [GET]
  Parameters: {"id"=>"4b4f22f5c140ae1659000003"}
Rendering notes/show
Completed in 55ms (View: 10 | 200 OK [http://localhost/notes/4b4f22f5c140ae1659000003]


Processing NotesController#destroy (for 127.0.0.1 at 2010-01-14 11:59:26) [DELETE]
  Parameters: {"authenticity_token"=>"O3aHE6/z5aNLw6RkF3ZPMSvgHI5uclSLY5pNIFakEJQ=", "id"=>"4b4f22f5c140ae1659000003"}
Redirected to http://localhost:3000/
Completed in 114ms | 302 Found [http://localhost/notes/4b4f22f5c140ae1659000003]


Processing NotesController#index (for 127.0.0.1 at 2010-01-14 11:59:26) [GET]
Rendering notes/index
Completed in 30ms (View: 4 | 200 OK [http://localhost/]


Processing NotesController#new (for 127.0.0.1 at 2010-01-14 12:00:05) [GET]
Rendering notes/new
Rendered notes/_form_note (16.6ms)
Completed in 53ms (View: 20 | 200 OK [http://localhost/notes/new]


Processing NotesController#create (for 127.0.0.1 at 2010-01-14 12:00:17) [POST]
  Parameters: {"commit"=>"Salvar", "authenticity_token"=>"O3aHE6/z5aNLw6RkF3ZPMSvgHI5uclSLY5pNIFakEJQ=", "note"=>{"title"=>"Teste", "text"=>"TEste de mongo."}}
Redirected to http://localhost:3000/notes/4b4f2371c140ae1659000005
Completed in 46ms | 302 Found [http://localhost/notes]


Processing NotesController#show (for 127.0.0.1 at 2010-01-14 12:00:17) [GET]
  Parameters: {"id"=>"4b4f2371c140ae1659000005"}
Rendering notes/show
Completed in 49ms (View: 12 | 200 OK [http://localhost/notes/4b4f2371c140ae1659000005]


Processing NotesController#index (for 127.0.0.1 at 2010-01-14 12:00:21) [GET]
Rendering notes/index
Completed in 140ms (View: 87 | 200 OK [http://localhost/]


Processing NotesController#show (for 127.0.0.1 at 2010-01-14 12:01:28) [GET]
  Parameters: {"id"=>"4b4f2371c140ae1659000005"}
Rendering notes/show
Completed in 84ms (View: 56 | 200 OK [http://localhost/notes/4b4f2371c140ae1659000005]


Processing NotesController#edit (for 127.0.0.1 at 2010-01-14 12:01:30) [GET]
  Parameters: {"id"=>"4b4f2371c140ae1659000005"}
Rendering notes/edit
Completed in 68ms (View: 9 | 200 OK [http://localhost/notes/4b4f2371c140ae1659000005/edit]


Processing NotesController#edit (for 127.0.0.1 at 2010-01-14 12:01:54) [GET]
  Parameters: {"id"=>"4b4f2371c140ae1659000005"}
Rendering notes/edit
Rendered notes/_form_note (9.3ms)
Completed in 61ms (View: 23 | 200 OK [http://localhost/notes/4b4f2371c140ae1659000005/edit]


Processing NotesController#update (for 127.0.0.1 at 2010-01-14 12:01:57) [PUT]
  Parameters: {"commit"=>"Salvar", "authenticity_token"=>"O3aHE6/z5aNLw6RkF3ZPMSvgHI5uclSLY5pNIFakEJQ=", "id"=>"4b4f2371c140ae1659000005", "note"=>{"title"=>"Teste", "text"=>"TEste de mongo."}}

NoMethodError (undefined method `update_attibutes' for #<Note:0xb735007c>):
  mongoid (1.0.0) lib/mongoid/attributes.rb:28:in `method_missing'
  app/controllers/notes_controller.rb:33:in `update'
  /usr/lib/ruby/1.8/webrick/httpserver.rb:104:in `service'
  /usr/lib/ruby/1.8/webrick/httpserver.rb:65:in `run'
  /usr/lib/ruby/1.8/webrick/server.rb:173:in `start_thread'
  /usr/lib/ruby/1.8/webrick/server.rb:162:in `start'
  /usr/lib/ruby/1.8/webrick/server.rb:162:in `start_thread'
  /usr/lib/ruby/1.8/webrick/server.rb:95:in `start'
  /usr/lib/ruby/1.8/webrick/server.rb:92:in `each'
  /usr/lib/ruby/1.8/webrick/server.rb:92:in `start'
  /usr/lib/ruby/1.8/webrick/server.rb:23:in `start'
  /usr/lib/ruby/1.8/webrick/server.rb:82:in `start'

Rendered rescues/_trace (140.3ms)
Rendered rescues/_request_and_response (2.2ms)
Rendering rescues/layout (internal_server_error)


Processing NotesController#update (for 127.0.0.1 at 2010-01-14 12:02:11) [PUT]
  Parameters: {"commit"=>"Salvar", "authenticity_token"=>"O3aHE6/z5aNLw6RkF3ZPMSvgHI5uclSLY5pNIFakEJQ=", "id"=>"4b4f2371c140ae1659000005", "note"=>{"title"=>"Teste", "text"=>"TEste de mongo."}}
Redirected to http://localhost:3000/notes/4b4f23e3c140ae194e000002
Completed in 52ms | 302 Found [http://localhost/notes/4b4f2371c140ae1659000005]


Processing NotesController#show (for 127.0.0.1 at 2010-01-14 12:02:11) [GET]
  Parameters: {"id"=>"4b4f23e3c140ae194e000002"}
Rendering notes/show
Completed in 38ms (View: 10 | 200 OK [http://localhost/notes/4b4f23e3c140ae194e000002]


Processing NotesController#edit (for 127.0.0.1 at 2010-01-14 12:02:13) [GET]
  Parameters: {"id"=>"4b4f23e3c140ae194e000002"}
Rendering notes/edit
Rendered notes/_form_note (7.2ms)
Completed in 35ms (View: 9 | 200 OK [http://localhost/notes/4b4f23e3c140ae194e000002/edit]


Processing NotesController#update (for 127.0.0.1 at 2010-01-14 12:02:17) [PUT]
  Parameters: {"commit"=>"Salvar", "authenticity_token"=>"O3aHE6/z5aNLw6RkF3ZPMSvgHI5uclSLY5pNIFakEJQ=", "id"=>"4b4f23e3c140ae194e000002", "note"=>{"title"=>"Teste", "text"=>"Teste de mongo."}}
Redirected to http://localhost:3000/notes/4b4f23e9c140ae194e000003
Completed in 33ms | 302 Found [http://localhost/notes/4b4f23e3c140ae194e000002]


Processing NotesController#show (for 127.0.0.1 at 2010-01-14 12:02:18) [GET]
  Parameters: {"id"=>"4b4f23e9c140ae194e000003"}
Rendering notes/show
Completed in 47ms (View: 11 | 200 OK [http://localhost/notes/4b4f23e9c140ae194e000003]


Processing NotesController#index (for 127.0.0.1 at 2010-01-14 12:02:24) [GET]
Rendering notes/index
Completed in 62ms (View: 15 | 200 OK [http://localhost/]


Processing NotesController#show (for 127.0.0.1 at 2010-01-14 12:02:53) [GET]
  Parameters: {"id"=>"4b4f23e3c140ae194e000002"}
Rendering notes/show
Completed in 117ms (View: 87 | 200 OK [http://localhost/notes/4b4f23e3c140ae194e000002]


Processing NotesController#destroy (for 127.0.0.1 at 2010-01-14 12:02:56) [DELETE]
  Parameters: {"authenticity_token"=>"O3aHE6/z5aNLw6RkF3ZPMSvgHI5uclSLY5pNIFakEJQ=", "id"=>"4b4f23e3c140ae194e000002"}
Redirected to http://localhost:3000/
Completed in 74ms | 302 Found [http://localhost/notes/4b4f23e3c140ae194e000002]


Processing NotesController#index (for 127.0.0.1 at 2010-01-14 12:02:56) [GET]
Rendering notes/index
Completed in 41ms (View: 10 | 200 OK [http://localhost/]


Processing NotesController#show (for 127.0.0.1 at 2010-01-14 12:02:57) [GET]
  Parameters: {"id"=>"4b4f23e9c140ae194e000003"}
Rendering notes/show
Completed in 97ms (View: 16 | 200 OK [http://localhost/notes/4b4f23e9c140ae194e000003]


Processing NotesController#destroy (for 127.0.0.1 at 2010-01-14 12:03:01) [DELETE]
  Parameters: {"authenticity_token"=>"O3aHE6/z5aNLw6RkF3ZPMSvgHI5uclSLY5pNIFakEJQ=", "id"=>"4b4f23e9c140ae194e000003"}
Redirected to http://localhost:3000/
Completed in 84ms | 302 Found [http://localhost/notes/4b4f23e9c140ae194e000003]


Processing NotesController#index (for 127.0.0.1 at 2010-01-14 12:03:01) [GET]
Rendering notes/index
Completed in 43ms (View: 9 | 200 OK [http://localhost/]


Processing NotesController#show (for 127.0.0.1 at 2010-01-14 12:03:03) [GET]
  Parameters: {"id"=>"4b4f2371c140ae1659000005"}
Rendering notes/show
Completed in 41ms (View: 9 | 200 OK [http://localhost/notes/4b4f2371c140ae1659000005]


Processing NotesController#edit (for 127.0.0.1 at 2010-01-14 12:03:05) [GET]
  Parameters: {"id"=>"4b4f2371c140ae1659000005"}
Rendering notes/edit
Rendered notes/_form_note (5.1ms)
Completed in 79ms (View: 9 | 200 OK [http://localhost/notes/4b4f2371c140ae1659000005/edit]


Processing NotesController#update (for 127.0.0.1 at 2010-01-14 12:03:09) [PUT]
  Parameters: {"commit"=>"Salvar", "authenticity_token"=>"O3aHE6/z5aNLw6RkF3ZPMSvgHI5uclSLY5pNIFakEJQ=", "id"=>"4b4f2371c140ae1659000005", "note"=>{"title"=>"Teste", "text"=>"Teste de mongo."}}
Redirected to http://localhost:3000/notes/4b4f2371c140ae1659000005
Completed in 61ms | 302 Found [http://localhost/notes/4b4f2371c140ae1659000005]


Processing NotesController#show (for 127.0.0.1 at 2010-01-14 12:03:09) [GET]
  Parameters: {"id"=>"4b4f2371c140ae1659000005"}
Rendering notes/show
Completed in 35ms (View: 12 | 200 OK [http://localhost/notes/4b4f2371c140ae1659000005]


Processing NotesController#edit (for 127.0.0.1 at 2010-01-14 12:03:12) [GET]
  Parameters: {"id"=>"4b4f2371c140ae1659000005"}
Rendering notes/edit
Rendered notes/_form_note (5.2ms)
Completed in 33ms (View: 7 | 200 OK [http://localhost/notes/4b4f2371c140ae1659000005/edit]


Processing NotesController#index (for 127.0.0.1 at 2010-01-14 12:03:15) [GET]
Rendering notes/index
Completed in 86ms (View: 7 | 200 OK [http://localhost/]
